Arguments: 
  /Users/st10938/.nvm/versions/node/v10.16.0/bin/node /Users/st10938/.config/yarn/global/node_modules/@sanity/cli/vendor/yarn add sanity-plugin-color --json --non-interactive --ignore-engines --registry https://registry.npmjs.org

PATH: 
  /Users/st10938/code/saelen-samlingen/studio/node_modules/.bin:/Users/st10938/code/saelen-samlingen/node_modules/.bin:/Users/st10938/code/node_modules/.bin:/Users/st10938/node_modules/.bin:/Users/node_modules/.bin:/node_modules/.bin:/Users/st10938/.nvm/versions/node/v10.16.0/bin:/Users/st10938/.config/yarn/global/node_modules/vendor:/Users/st10938/google-cloud-sdk/bin:/Users/st10938/.nvm/versions/node/v10.16.0/bin:/usr/local/share/python:/usr/local/bin:/usr/bin:/bin:/usr/sbin:/sbin

Yarn version: 
  1.6.0

Node version: 
  10.16.0

Platform: 
  darwin x64

Trace: 
  Error: https://registry.npmjs.org/sanity-plugin-color: Not found
      at Request.params.callback [as _callback] (/Users/st10938/.config/yarn/global/node_modules/@sanity/cli/vendor/yarn:65357:18)
      at Request.self.callback (/Users/st10938/.config/yarn/global/node_modules/@sanity/cli/vendor/yarn:133185:22)
      at Request.emit (events.js:198:13)
      at Request.<anonymous> (/Users/st10938/.config/yarn/global/node_modules/@sanity/cli/vendor/yarn:134168:10)
      at Request.emit (events.js:198:13)
      at IncomingMessage.<anonymous> (/Users/st10938/.config/yarn/global/node_modules/@sanity/cli/vendor/yarn:134088:12)
      at Object.onceWrapper (events.js:286:20)
      at IncomingMessage.emit (events.js:203:15)
      at endReadableNT (_stream_readable.js:1129:12)
      at process._tickCallback (internal/process/next_tick.js:63:19)

npm manifest: 
  {
    "private": true,
    "name": "saelen-samlingen-studio",
    "version": "1.0.0",
    "main": "package.json",
    "author": "Sanity <hello@sanity.io>",
    "scripts": {
      "dev": "sanity start",
      "format": "prettier-eslint --write \"**/*.js\" \"!node_modules/**\"",
      "build": "sanity build",
      "graphql-deploy": "sanity graphql deploy --playground",
      "lint": "eslint .",
      "test": "sanity check"
    },
    "dependencies": {
      "@sanity/base": "^0.x",
      "@sanity/cli": "^0.x",
      "@sanity/code-input": "^0.x",
      "@sanity/components": "^0.x",
      "@sanity/core": "^0.x",
      "@sanity/dashboard": "^0.x",
      "@sanity/default-layout": "^0.x",
      "@sanity/default-login": "^0.x",
      "@sanity/desk-tool": "^0.x",
      "capitalize": "^2.0.0",
      "date-fns": "^1.30.1",
      "jsonata": "^1.6.4",
      "mirador": "3.0.0-alpha.16",
      "prop-types": "^15.7.2",
      "react": "^16.8.6",
      "react-dom": "^16.8.6",
      "react-icons": "^3.7.0",
      "sanity-plugin-dashboard-widget-document-list": "^0.0.8",
      "sanity-plugin-dashboard-widget-netlify": "^1.0.0"
    },
    "devDependencies": {
      "babel-eslint": "^10.0.1",
      "eslint": "^5.16.0",
      "eslint-config-standard": "^12.0.0",
      "eslint-config-standard-react": "^7.0.2",
      "eslint-plugin-import": "^2.17.2",
      "eslint-plugin-node": "^9.0.1",
      "eslint-plugin-promise": "^4.1.1",
      "eslint-plugin-react": "^7.13.0",
      "eslint-plugin-standard": "^4.0.0",
      "prettier-eslint-cli": "^4.7.1"
    }
  }

yarn manifest: 
  No manifest

Lockfile: 
  No lockfile
